2026-05-08 15:57:11,823 INFO calendar race candidate date=2026-05-24 items=1
2026-05-08 15:57:11,823 INFO calendar race candidate date=2027-02-06 items=1
2026-05-08 15:57:11,823 ERROR calendar_month_data_combined failed month=None
Traceback (most recent call last):
  File "/home/abel/Documentos/Proyectos/personal-trainer/scripts/web/app.py", line 625, in calendar_month_data_combined
    available_months = sorted({day[:7] for day in event_by_day if parse_iso_date(day)})
                               ~~~^^^^
TypeError: 'datetime.date' object is not subscriptable
2026-05-08 15:58:56,151 INFO calendar race candidate date=2026-05-24 items=1
2026-05-08 15:58:56,151 INFO calendar race candidate date=2027-02-06 items=1
2026-05-08 16:03:08,152 INFO calendar race candidate date=2026-05-09 items=1
2026-05-08 16:03:08,153 INFO calendar race candidate date=2026-05-24 items=1
2026-05-08 16:03:08,153 INFO calendar race candidate date=2027-02-06 items=1
2026-05-08 16:03:11,237 INFO calendar race candidate date=2026-05-09 items=1
2026-05-08 16:03:11,237 INFO calendar race candidate date=2026-05-24 items=1
2026-05-08 16:03:11,237 INFO calendar race candidate date=2027-02-06 items=1
2026-05-08 16:04:58,622 INFO calendar race candidate date=2026-05-09 items=1
2026-05-08 16:04:58,622 INFO calendar race candidate date=2026-05-24 items=1
2026-05-08 16:04:58,622 INFO calendar race candidate date=2027-02-06 items=1
2026-05-08 16:09:08,511 INFO calendar race candidate date=2026-05-09 items=1
2026-05-08 16:09:08,511 INFO calendar race candidate date=2026-05-24 items=1
2026-05-08 16:09:08,512 INFO calendar race candidate date=2027-02-06 items=1
2026-05-08 16:09:11,952 INFO calendar race candidate date=2026-05-09 items=1
2026-05-08 16:09:11,952 INFO calendar race candidate date=2026-05-24 items=1
2026-05-08 16:09:11,952 INFO calendar race candidate date=2027-02-06 items=1
2026-05-08 16:09:16,179 INFO calendar race candidate date=2026-05-09 items=1
2026-05-08 16:09:16,180 INFO calendar race candidate date=2026-05-24 items=1
2026-05-08 16:09:16,180 INFO calendar race candidate date=2027-02-06 items=1
2026-05-08 16:20:40,648 INFO calendar race candidate date=2026-05-09 items=1
2026-05-08 16:20:40,648 INFO calendar race candidate date=2026-05-24 items=1
2026-05-08 16:20:40,648 INFO calendar race candidate date=2027-02-06 items=1
2026-05-08 16:28:01,117 INFO calendar race candidate date=2026-05-09 items=1
2026-05-08 16:28:01,117 INFO calendar race candidate date=2026-05-24 items=1
2026-05-08 16:28:01,117 INFO calendar race candidate date=2027-02-06 items=1
2026-05-08 16:28:03,066 INFO calendar race candidate date=2026-05-09 items=1
2026-05-08 16:28:03,066 INFO calendar race candidate date=2026-05-24 items=1
2026-05-08 16:28:03,066 INFO calendar race candidate date=2027-02-06 items=1
2026-05-08 16:28:05,077 INFO calendar race candidate date=2026-05-09 items=1
2026-05-08 16:28:05,077 INFO calendar race candidate date=2026-05-24 items=1
2026-05-08 16:28:05,077 INFO calendar race candidate date=2027-02-06 items=1
2026-05-08 16:28:08,442 INFO calendar race candidate date=2026-05-09 items=1
2026-05-08 16:28:08,442 INFO calendar race candidate date=2026-05-24 items=1
2026-05-08 16:28:08,442 INFO calendar race candidate date=2027-02-06 items=1
2026-05-08 16:28:10,280 INFO calendar race candidate date=2026-05-09 items=1
2026-05-08 16:28:10,280 INFO calendar race candidate date=2026-05-24 items=1
2026-05-08 16:28:10,280 INFO calendar race candidate date=2027-02-06 items=1
2026-05-08 16:28:19,023 INFO calendar race candidate date=2026-05-09 items=1
2026-05-08 16:28:19,023 INFO calendar race candidate date=2026-05-24 items=1
2026-05-08 16:28:19,023 INFO calendar race candidate date=2027-02-06 items=1
2026-05-08 16:28:23,399 INFO calendar race candidate date=2026-05-09 items=1
2026-05-08 16:28:23,399 INFO calendar race candidate date=2026-05-24 items=1
2026-05-08 16:28:23,399 INFO calendar race candidate date=2027-02-06 items=1
2026-05-08 16:28:25,259 INFO calendar race candidate date=2026-05-09 items=1
2026-05-08 16:28:25,259 INFO calendar race candidate date=2026-05-24 items=1
2026-05-08 16:28:25,259 INFO calendar race candidate date=2027-02-06 items=1
2026-05-08 16:28:27,091 INFO calendar race candidate date=2026-05-09 items=1
2026-05-08 16:28:27,091 INFO calendar race candidate date=2026-05-24 items=1
2026-05-08 16:28:27,091 INFO calendar race candidate date=2027-02-06 items=1
2026-05-08 16:28:30,457 INFO calendar race candidate date=2026-05-09 items=1
2026-05-08 16:28:30,457 INFO calendar race candidate date=2026-05-24 items=1
2026-05-08 16:28:30,457 INFO calendar race candidate date=2027-02-06 items=1
2026-05-08 16:28:31,677 INFO calendar race candidate date=2026-05-09 items=1
2026-05-08 16:28:31,677 INFO calendar race candidate date=2026-05-24 items=1
2026-05-08 16:28:31,677 INFO calendar race candidate date=2027-02-06 items=1
2026-05-08 16:28:32,275 INFO calendar race candidate date=2026-05-09 items=1
2026-05-08 16:28:32,275 INFO calendar race candidate date=2026-05-24 items=1
2026-05-08 16:28:32,275 INFO calendar race candidate date=2027-02-06 items=1
2026-05-08 16:28:42,373 INFO calendar race candidate date=2026-05-09 items=1
2026-05-08 16:28:42,374 INFO calendar race candidate date=2026-05-24 items=1
2026-05-08 16:28:42,374 INFO calendar race candidate date=2027-02-06 items=1
2026-05-08 16:31:07,363 INFO calendar race candidate date=2026-05-09 items=1
2026-05-08 16:31:07,363 INFO calendar race candidate date=2026-05-24 items=1
2026-05-08 16:31:07,363 INFO calendar race candidate date=2027-02-06 items=1
2026-05-08 16:31:11,472 INFO calendar race candidate date=2026-05-09 items=1
2026-05-08 16:31:11,472 INFO calendar race candidate date=2026-05-24 items=1
2026-05-08 16:31:11,472 INFO calendar race candidate date=2027-02-06 items=1
2026-05-08 16:34:01,270 INFO calendar race candidate date=2026-05-09 items=1
2026-05-08 16:34:01,270 INFO calendar race candidate date=2026-05-24 items=1
2026-05-08 16:34:01,270 INFO calendar race candidate date=2027-02-06 items=1
2026-05-08 16:34:03,740 INFO calendar race candidate date=2026-05-09 items=1
2026-05-08 16:34:03,740 INFO calendar race candidate date=2026-05-24 items=1
2026-05-08 16:34:03,740 INFO calendar race candidate date=2027-02-06 items=1
2026-05-08 16:34:05,205 INFO calendar race candidate date=2026-05-09 items=1
2026-05-08 16:34:05,205 INFO calendar race candidate date=2026-05-24 items=1
2026-05-08 16:34:05,205 INFO calendar race candidate date=2027-02-06 items=1
2026-05-08 16:37:56,941 INFO calendar race candidate date=2026-05-09 items=1
2026-05-08 16:37:56,941 INFO calendar race candidate date=2026-05-24 items=1
2026-05-08 16:37:56,941 INFO calendar race candidate date=2027-02-06 items=1
2026-05-08 16:37:59,314 INFO calendar race candidate date=2026-05-09 items=1
2026-05-08 16:37:59,314 INFO calendar race candidate date=2026-05-24 items=1
2026-05-08 16:37:59,314 INFO calendar race candidate date=2027-02-06 items=1
2026-05-08 16:38:19,987 INFO calendar race candidate date=2026-05-09 items=1
2026-05-08 16:38:19,987 INFO calendar race candidate date=2026-05-24 items=1
2026-05-08 16:38:19,988 INFO calendar race candidate date=2027-02-06 items=1
2026-05-08 16:38:54,437 INFO calendar race candidate date=2026-05-09 items=1
2026-05-08 16:38:54,437 INFO calendar race candidate date=2026-05-24 items=1
2026-05-08 16:38:54,437 INFO calendar race candidate date=2027-02-06 items=1
2026-05-08 16:38:58,469 INFO calendar race candidate date=2026-05-09 items=1
2026-05-08 16:38:58,469 INFO calendar race candidate date=2026-05-24 items=1
2026-05-08 16:38:58,469 INFO calendar race candidate date=2027-02-06 items=1
2026-05-08 16:39:00,917 INFO calendar race candidate date=2026-05-09 items=1
2026-05-08 16:39:00,917 INFO calendar race candidate date=2026-05-24 items=1
2026-05-08 16:39:00,917 INFO calendar race candidate date=2027-02-06 items=1
2026-05-08 16:39:02,234 INFO calendar race candidate date=2026-05-09 items=1
2026-05-08 16:39:02,235 INFO calendar race candidate date=2026-05-24 items=1
2026-05-08 16:39:02,235 INFO calendar race candidate date=2027-02-06 items=1
2026-05-08 16:39:03,533 INFO calendar race candidate date=2026-05-09 items=1
2026-05-08 16:39:03,533 INFO calendar race candidate date=2026-05-24 items=1
2026-05-08 16:39:03,533 INFO calendar race candidate date=2027-02-06 items=1
2026-05-08 16:39:04,416 INFO calendar race candidate date=2026-05-09 items=1
2026-05-08 16:39:04,417 INFO calendar race candidate date=2026-05-24 items=1
2026-05-08 16:39:04,417 INFO calendar race candidate date=2027-02-06 items=1
2026-05-08 16:39:06,437 INFO calendar race candidate date=2026-05-09 items=1
2026-05-08 16:39:06,437 INFO calendar race candidate date=2026-05-24 items=1
2026-05-08 16:39:06,437 INFO calendar race candidate date=2027-02-06 items=1
2026-05-08 16:39:09,098 INFO calendar race candidate date=2026-05-09 items=1
2026-05-08 16:39:09,098 INFO calendar race candidate date=2026-05-24 items=1
2026-05-08 16:39:09,098 INFO calendar race candidate date=2027-02-06 items=1
2026-05-08 16:39:11,317 INFO calendar race candidate date=2026-05-09 items=1
2026-05-08 16:39:11,318 INFO calendar race candidate date=2026-05-24 items=1
2026-05-08 16:39:11,318 INFO calendar race candidate date=2027-02-06 items=1
2026-05-08 16:42:13,300 INFO calendar race candidate date=2026-05-09 items=1
2026-05-08 16:42:13,300 INFO calendar race candidate date=2026-05-24 items=1
2026-05-08 16:42:13,300 INFO calendar race candidate date=2027-02-06 items=1
2026-05-08 16:42:33,039 INFO calendar race candidate date=2026-05-09 items=1
2026-05-08 16:42:33,039 INFO calendar race candidate date=2026-05-24 items=1
2026-05-08 16:42:33,039 INFO calendar race candidate date=2027-02-06 items=1
2026-05-08 16:45:45,626 INFO calendar race candidate date=2026-05-09 items=1
2026-05-08 16:45:45,626 INFO calendar race candidate date=2026-05-24 items=1
2026-05-08 16:45:45,626 INFO calendar race candidate date=2027-02-06 items=1
2026-05-08 16:46:27,904 INFO calendar race candidate date=2026-05-09 items=1
2026-05-08 16:46:27,904 INFO calendar race candidate date=2026-05-24 items=1
2026-05-08 16:46:27,904 INFO calendar race candidate date=2027-02-06 items=1
2026-05-08 16:52:27,708 INFO calendar race candidate date=2026-05-09 items=1
2026-05-08 16:52:27,708 INFO calendar race candidate date=2026-05-24 items=1
2026-05-08 16:52:27,708 INFO calendar race candidate date=2027-02-06 items=1
2026-05-08 16:52:40,580 INFO calendar race candidate date=2026-05-09 items=1
2026-05-08 16:52:40,580 INFO calendar race candidate date=2026-05-24 items=1
2026-05-08 16:52:40,581 INFO calendar race candidate date=2027-02-06 items=1
2026-05-08 16:57:48,753 INFO calendar race candidate date=2026-05-09 items=1
2026-05-08 16:57:48,753 INFO calendar race candidate date=2026-05-24 items=1
2026-05-08 16:57:48,753 INFO calendar race candidate date=2027-02-06 items=1
2026-05-08 16:59:26,687 INFO calendar race candidate date=2026-05-09 items=1
2026-05-08 16:59:26,687 INFO calendar race candidate date=2026-05-24 items=1
2026-05-08 16:59:26,687 INFO calendar race candidate date=2027-02-06 items=1
